This file contains any messages produced by compilers while
running configure, to aid debugging if configure makes a mistake.

It was created by nxlog-ce configure 2.10.5, which was
generated by GNU Autoconf 2.69.  Invocation command line was

  $ ./configure 

## --------- ##
## Platform. ##
## --------- ##

hostname = 1239957437d2
uname -m = x86_64
uname -r = 4.9.87-linuxkit-aufs
uname -s = Linux
uname -v = #1 SMP Wed Mar 14 15:12:16 UTC 2018

/usr/bin/uname -p = unknown
/bin/uname -X     = unknown

/bin/arch              = unknown
/usr/bin/arch -k       = unknown
/usr/convex/getsysinfo = unknown
/usr/bin/hostinfo      = unknown
/bin/machine           = unknown
/usr/bin/oslevel       = unknown
/bin/universe          = unknown

PATH: /usr/local/sbin
PATH: /usr/local/bin
PATH: /usr/sbin
PATH: /usr/bin
PATH: /sbin
PATH: /bin


## ----------- ##
## Core tests. ##
## ----------- ##

configure:2426: checking build system type
configure:2440: result: x86_64-unknown-linux-gnu
configure:2460: checking host system type
configure:2473: result: x86_64-unknown-linux-gnu
configure:2493: checking target system type
configure:2506: result: x86_64-unknown-linux-gnu
configure:2552: checking for a BSD-compatible install
configure:2620: result: /usr/bin/install -c
configure:2631: checking whether build environment is sane
configure:2686: result: yes
configure:2837: checking for a thread-safe mkdir -p
configure:2876: result: /bin/mkdir -p
configure:2883: checking for gawk
configure:2913: result: no
configure:2883: checking for mawk
configure:2899: found /usr/bin/mawk
configure:2910: result: mawk
configure:2921: checking whether make sets $(MAKE)
configure:2943: result: yes
configure:2972: checking whether make supports nested variables
configure:2989: result: yes
configure:3078: checking whether UID '0' is supported by ustar format
configure:3081: result: yes
configure:3088: checking whether GID '0' is supported by ustar format
configure:3091: result: yes
configure:3099: checking how to create a ustar tar archive
configure:3110: tar --version
tar (GNU tar) 1.28
Copyright (C) 2014 Free Software Foundation, Inc.
License GPLv3+: GNU GPL version 3 or later <http://gnu.org/licenses/gpl.html>.
This is free software: you are free to change and redistribute it.
There is NO WARRANTY, to the extent permitted by law.

Written by John Gilmore and Jay Fenlason.
configure:3113: $? = 0
configure:3153: tardir=conftest.dir && eval tar --format=ustar -chf - "$tardir" >conftest.tar
configure:3156: $? = 0
configure:3160: tar -xf - <conftest.tar
tar: conftest.dir/file: time stamp 2018-08-06 11:00:30 is 2.0038814 s in the future
tar: conftest.dir: time stamp 2018-08-06 11:00:30 is 2.0002721 s in the future
configure:3163: $? = 0
configure:3165: cat conftest.dir/file
GrepMe
configure:3168: $? = 0
configure:3181: result: gnutar
configure:3287: checking for gcc
configure:3303: found /usr/bin/gcc
configure:3314: result: gcc
configure:3543: checking for C compiler version
configure:3552: gcc --version >&5
gcc (Ubuntu 5.4.0-6ubuntu1~16.04.10) 5.4.0 20160609
Copyright (C) 2015 Free Software Foundation, Inc.
This is free software; see the source for copying conditions.  There is NO
warranty; not even for MERCHANTABILITY or FITNESS FOR A PARTICULAR PURPOSE.

configure:3563: $? = 0
configure:3552: gcc -v >&5
Using built-in specs.
COLLECT_GCC=gcc
COLLECT_LTO_WRAPPER=/usr/lib/gcc/x86_64-linux-gnu/5/lto-wrapper
Target: x86_64-linux-gnu
Configured with: ../src/configure -v --with-pkgversion='Ubuntu 5.4.0-6ubuntu1~16.04.10' --with-bugurl=file:///usr/share/doc/gcc-5/README.Bugs --enable-languages=c,ada,c++,java,go,d,fortran,objc,obj-c++ --prefix=/usr --program-suffix=-5 --enable-shared --enable-linker-build-id --libexecdir=/usr/lib --without-included-gettext --enable-threads=posix --libdir=/usr/lib --enable-nls --with-sysroot=/ --enable-clocale=gnu --enable-libstdcxx-debug --enable-libstdcxx-time=yes --with-default-libstdcxx-abi=new --enable-gnu-unique-object --disable-vtable-verify --enable-libmpx --enable-plugin --with-system-zlib --disable-browser-plugin --enable-java-awt=gtk --enable-gtk-cairo --with-java-home=/usr/lib/jvm/java-1.5.0-gcj-5-amd64/jre --enable-java-home --with-jvm-root-dir=/usr/lib/jvm/java-1.5.0-gcj-5-amd64 --with-jvm-jar-dir=/usr/lib/jvm-exports/java-1.5.0-gcj-5-amd64 --with-arch-directory=amd64 --with-ecj-jar=/usr/share/java/eclipse-ecj.jar --enable-objc-gc --enable-multiarch --disable-werror --with-arch-32=i686 --with-abi=m64 --with-multilib-list=m32,m64,mx32 --enable-multilib --with-tune=generic --enable-checking=release --build=x86_64-linux-gnu --host=x86_64-linux-gnu --target=x86_64-linux-gnu
Thread model: posix
gcc version 5.4.0 20160609 (Ubuntu 5.4.0-6ubuntu1~16.04.10) 
configure:3563: $? = 0
configure:3552: gcc -V >&5
gcc: error: unrecognized command line option '-V'
gcc: fatal error: no input files
compilation terminated.
configure:3563: $? = 1
configure:3552: gcc -qversion >&5
gcc: error: unrecognized command line option '-qversion'
gcc: fatal error: no input files
compilation terminated.
configure:3563: $? = 1
configure:3583: checking whether the C compiler works
configure:3605: gcc    conftest.c  >&5
configure:3609: $? = 0
configure:3657: result: yes
configure:3660: checking for C compiler default output file name
configure:3662: result: a.out
configure:3668: checking for suffix of executables
configure:3675: gcc -o conftest    conftest.c  >&5
configure:3679: $? = 0
configure:3701: result: 
configure:3723: checking whether we are cross compiling
configure:3731: gcc -o conftest    conftest.c  >&5
configure:3735: $? = 0
configure:3742: ./conftest
configure:3746: $? = 0
configure:3761: result: no
configure:3766: checking for suffix of object files
configure:3788: gcc -c   conftest.c >&5
configure:3792: $? = 0
configure:3813: result: o
configure:3817: checking whether we are using the GNU C compiler
configure:3836: gcc -c   conftest.c >&5
configure:3836: $? = 0
configure:3845: result: yes
configure:3854: checking whether gcc accepts -g
configure:3874: gcc -c -g  conftest.c >&5
configure:3874: $? = 0
configure:3915: result: yes
configure:3932: checking for gcc option to accept ISO C89
configure:3995: gcc  -c   conftest.c >&5
configure:3995: $? = 0
configure:4008: result: none needed
configure:4033: checking whether gcc understands -c and -o together
configure:4055: gcc -c conftest.c -o conftest2.o
configure:4058: $? = 0
configure:4055: gcc -c conftest.c -o conftest2.o
configure:4058: $? = 0
configure:4070: result: yes
configure:4098: checking for style of include used by make
configure:4126: result: GNU
configure:4152: checking dependency style of gcc
configure:4263: result: gcc3
configure:4284: checking for apr-1-config
configure:4302: found /usr/bin/apr-1-config
configure:4314: result: /usr/bin/apr-1-config
configure:4338: checking whether ln -s works
configure:4342: result: yes
configure:4698: checking how to print strings
configure:4725: result: printf
configure:4746: checking for a sed that does not truncate output
configure:4810: result: /bin/sed
configure:4828: checking for grep that handles long lines and -e
configure:4886: result: /bin/grep
configure:4891: checking for egrep
configure:4953: result: /bin/grep -E
configure:4958: checking for fgrep
configure:5020: result: /bin/grep -F
configure:5055: checking for ld used by gcc
configure:5122: result: /usr/bin/ld
configure:5129: checking if the linker (/usr/bin/ld) is GNU ld
configure:5144: result: yes
configure:5156: checking for BSD- or MS-compatible name lister (nm)
configure:5205: result: /usr/bin/nm -B
configure:5335: checking the name lister (/usr/bin/nm -B) interface
configure:5342: gcc -c    -DLINUX -D_REENTRANT -D_GNU_SOURCE  conftest.c >&5
configure:5345: /usr/bin/nm -B "conftest.o"
configure:5348: output
0000000000000000 B some_variable
configure:5355: result: BSD nm
configure:5359: checking the maximum length of command line arguments
configure:5490: result: 1572864
configure:5507: checking whether the shell understands some XSI constructs
configure:5517: result: yes
configure:5521: checking whether the shell understands "+="
configure:5527: result: yes
configure:5562: checking how to convert x86_64-unknown-linux-gnu file names to x86_64-unknown-linux-gnu format
configure:5602: result: func_convert_file_noop
configure:5609: checking how to convert x86_64-unknown-linux-gnu file names to toolchain format
configure:5629: result: func_convert_file_noop
configure:5636: checking for /usr/bin/ld option to reload object files
configure:5643: result: -r
configure:5717: checking for objdump
configure:5744: result: objdump
configure:5773: checking how to recognize dependent libraries
configure:5971: result: pass_all
configure:6056: checking for dlltool
configure:6083: result: dlltool
configure:6113: checking how to associate runtime and link libraries
configure:6140: result: printf %s\n
configure:6201: checking for ar
configure:6217: found /usr/bin/ar
configure:6228: result: ar
configure:6265: checking for archiver @FILE support
configure:6282: gcc -c    -DLINUX -D_REENTRANT -D_GNU_SOURCE  conftest.c >&5
configure:6282: $? = 0
configure:6285: ar cru libconftest.a @conftest.lst >&5
ar: `u' modifier ignored since `D' is the default (see `U')
configure:6288: $? = 0
configure:6293: ar cru libconftest.a @conftest.lst >&5
ar: `u' modifier ignored since `D' is the default (see `U')
ar: conftest.o: No such file or directory
configure:6296: $? = 1
configure:6308: result: @
configure:6366: checking for strip
configure:6382: found /usr/bin/strip
configure:6393: result: strip
configure:6465: checking for ranlib
configure:6481: found /usr/bin/ranlib
configure:6492: result: ranlib
configure:6594: checking command to parse /usr/bin/nm -B output from gcc object
configure:6714: gcc -c    -DLINUX -D_REENTRANT -D_GNU_SOURCE  conftest.c >&5
configure:6717: $? = 0
configure:6721: /usr/bin/nm -B conftest.o \| sed -n -e 's/^.*[ ]\([ABCDGIRSTW][ABCDGIRSTW]*\)[ ][ ]*\([_A-Za-z][_A-Za-z0-9]*\)$/\1 \2 \2/p' | sed '/ __gnu_lto/d' \> conftest.nm
configure:6724: $? = 0
configure:6790: gcc -o conftest    -DLINUX -D_REENTRANT -D_GNU_SOURCE     conftest.c conftstm.o >&5
configure:6793: $? = 0
configure:6831: result: ok
configure:6868: checking for sysroot
configure:6898: result: no
configure:6975: gcc -c    -DLINUX -D_REENTRANT -D_GNU_SOURCE  conftest.c >&5
configure:6978: $? = 0
configure:7167: checking for mt
configure:7197: result: no
configure:7217: checking if : is a manifest tool
configure:7223: : '-?'
configure:7231: result: no
configure:7873: checking how to run the C preprocessor
configure:7904: gcc -E  conftest.c
configure:7904: $? = 0
configure:7918: gcc -E  conftest.c
conftest.c:11:28: fatal error: ac_nonexistent.h: No such file or directory
compilation terminated.
configure:7918: $? = 1
configure: failed program was:
| /* confdefs.h */
| #define PACKAGE_NAME "nxlog-ce"
| #define PACKAGE_TARNAME "nxlog-ce"
| #define PACKAGE_VERSION "2.10.5"
| #define PACKAGE_STRING "nxlog-ce 2.10.5"
| #define PACKAGE_BUGREPORT "support@nxlog.org"
| #define PACKAGE_URL ""
| #define PACKAGE "nxlog-ce"
| #define VERSION "2.10.5"
| /* end confdefs.h.  */
| #include <ac_nonexistent.h>
configure:7943: result: gcc -E
configure:7963: gcc -E  conftest.c
configure:7963: $? = 0
configure:7977: gcc -E  conftest.c
conftest.c:11:28: fatal error: ac_nonexistent.h: No such file or directory
compilation terminated.
configure:7977: $? = 1
configure: failed program was:
| /* confdefs.h */
| #define PACKAGE_NAME "nxlog-ce"
| #define PACKAGE_TARNAME "nxlog-ce"
| #define PACKAGE_VERSION "2.10.5"
| #define PACKAGE_STRING "nxlog-ce 2.10.5"
| #define PACKAGE_BUGREPORT "support@nxlog.org"
| #define PACKAGE_URL ""
| #define PACKAGE "nxlog-ce"
| #define VERSION "2.10.5"
| /* end confdefs.h.  */
| #include <ac_nonexistent.h>
configure:8006: checking for ANSI C header files
configure:8026: gcc -c    -DLINUX -D_REENTRANT -D_GNU_SOURCE  conftest.c >&5
configure:8026: $? = 0
configure:8099: gcc -o conftest    -DLINUX -D_REENTRANT -D_GNU_SOURCE     conftest.c   -L/usr/lib/x86_64-linux-gnu -lapr-1  >&5
configure:8099: $? = 0
configure:8099: ./conftest
configure:8099: $? = 0
configure:8110: result: yes
configure:8123: checking for sys/types.h
configure:8123: gcc -c    -DLINUX -D_REENTRANT -D_GNU_SOURCE  conftest.c >&5
configure:8123: $? = 0
configure:8123: result: yes
configure:8123: checking for sys/stat.h
configure:8123: gcc -c    -DLINUX -D_REENTRANT -D_GNU_SOURCE  conftest.c >&5
configure:8123: $? = 0
configure:8123: result: yes
configure:8123: checking for stdlib.h
configure:8123: gcc -c    -DLINUX -D_REENTRANT -D_GNU_SOURCE  conftest.c >&5
configure:8123: $? = 0
configure:8123: result: yes
configure:8123: checking for string.h
configure:8123: gcc -c    -DLINUX -D_REENTRANT -D_GNU_SOURCE  conftest.c >&5
configure:8123: $? = 0
configure:8123: result: yes
configure:8123: checking for memory.h
configure:8123: gcc -c    -DLINUX -D_REENTRANT -D_GNU_SOURCE  conftest.c >&5
configure:8123: $? = 0
configure:8123: result: yes
configure:8123: checking for strings.h
configure:8123: gcc -c    -DLINUX -D_REENTRANT -D_GNU_SOURCE  conftest.c >&5
configure:8123: $? = 0
configure:8123: result: yes
configure:8123: checking for inttypes.h
configure:8123: gcc -c    -DLINUX -D_REENTRANT -D_GNU_SOURCE  conftest.c >&5
configure:8123: $? = 0
configure:8123: result: yes
configure:8123: checking for stdint.h
configure:8123: gcc -c    -DLINUX -D_REENTRANT -D_GNU_SOURCE  conftest.c >&5
configure:8123: $? = 0
configure:8123: result: yes
configure:8123: checking for unistd.h
configure:8123: gcc -c    -DLINUX -D_REENTRANT -D_GNU_SOURCE  conftest.c >&5
configure:8123: $? = 0
configure:8123: result: yes
configure:8137: checking for dlfcn.h
configure:8137: gcc -c    -DLINUX -D_REENTRANT -D_GNU_SOURCE  conftest.c >&5
configure:8137: $? = 0
configure:8137: result: yes
configure:8341: checking for objdir
configure:8356: result: .libs
configure:8623: checking if gcc supports -fno-rtti -fno-exceptions
configure:8641: gcc -c    -DLINUX -D_REENTRANT -D_GNU_SOURCE  -fno-rtti -fno-exceptions conftest.c >&5
cc1: warning: command line option '-fno-rtti' is valid for C++/ObjC++ but not for C
configure:8645: $? = 0
configure:8658: result: no
configure:8985: checking for gcc option to produce PIC
configure:8992: result: -fPIC -DPIC
configure:9000: checking if gcc PIC flag -fPIC -DPIC works
configure:9018: gcc -c    -DLINUX -D_REENTRANT -D_GNU_SOURCE  -fPIC -DPIC -DPIC conftest.c >&5
configure:9022: $? = 0
configure:9035: result: yes
configure:9064: checking if gcc static flag -static works
configure:9092: result: yes
configure:9107: checking if gcc supports -c -o file.o
configure:9128: gcc -c    -DLINUX -D_REENTRANT -D_GNU_SOURCE  -o out/conftest2.o conftest.c >&5
configure:9132: $? = 0
configure:9154: result: yes
configure:9162: checking if gcc supports -c -o file.o
configure:9209: result: yes
configure:9242: checking whether the gcc linker (/usr/bin/ld -m elf_x86_64) supports shared libraries
configure:10399: result: yes
configure:10436: checking whether -lc should be explicitly linked in
configure:10444: gcc -c    -DLINUX -D_REENTRANT -D_GNU_SOURCE  conftest.c >&5
configure:10447: $? = 0
configure:10462: gcc -shared  -fPIC -DPIC conftest.o  -v -Wl,-soname -Wl,conftest -o conftest 2\>\&1 \| /bin/grep  -lc  \>/dev/null 2\>\&1
configure:10465: $? = 0
configure:10479: result: no
configure:10639: checking dynamic linker characteristics
configure:11139: gcc -o conftest    -DLINUX -D_REENTRANT -D_GNU_SOURCE     -Wl,-rpath -Wl,/foo conftest.c   -L/usr/lib/x86_64-linux-gnu -lapr-1  >&5
configure:11139: $? = 0
configure:11373: result: GNU/Linux ld.so
configure:11480: checking how to hardcode library paths into programs
configure:11505: result: immediate
configure:12045: checking whether stripping libraries is possible
configure:12050: result: yes
configure:12085: checking if libtool supports shared libraries
configure:12087: result: yes
configure:12090: checking whether to build shared libraries
configure:12111: result: yes
configure:12114: checking whether to build static libraries
configure:12118: result: yes
configure:12159: checking for bison
configure:12189: result: no
configure:12159: checking for byacc
configure:12189: result: no
configure:12202: checking for flex
configure:12232: result: no
configure:12202: checking for lex
configure:12232: result: no
configure:12359: checking for an Android system
configure:12375: gcc -E  conftest.c
conftest.c:24:2: error: #error __ANDROID__ not defined
 #error __ANDROID__ not defined
  ^
configure:12375: $? = 1
configure: failed program was:
| /* confdefs.h */
| #define PACKAGE_NAME "nxlog-ce"
| #define PACKAGE_TARNAME "nxlog-ce"
| #define PACKAGE_VERSION "2.10.5"
| #define PACKAGE_STRING "nxlog-ce 2.10.5"
| #define PACKAGE_BUGREPORT "support@nxlog.org"
| #define PACKAGE_URL ""
| #define PACKAGE "nxlog-ce"
| #define VERSION "2.10.5"
| #define STDC_HEADERS 1
| #define HAVE_SYS_TYPES_H 1
| #define HAVE_SYS_STAT_H 1
| #define HAVE_STDLIB_H 1
| #define HAVE_STRING_H 1
| #define HAVE_MEMORY_H 1
| #define HAVE_STRINGS_H 1
| #define HAVE_INTTYPES_H 1
| #define HAVE_STDINT_H 1
| #define HAVE_UNISTD_H 1
| #define HAVE_DLFCN_H 1
| #define LT_OBJDIR ".libs/"
| /* end confdefs.h.  */
| #ifndef __ANDROID__
| #error __ANDROID__ not defined
| #endif
| 
| int
| main ()
| {
| ;
|   ;
|   return 0;
| }
configure:12379: result: no
configure:12396: checking for openssl
configure:12412: found /usr/bin/openssl
configure:12423: result: openssl
configure:12445: checking for pcre-config
configure:12463: found /usr/bin/pcre-config
configure:12475: result: /usr/bin/pcre-config
configure:12500: checking for apr_socket_create in -lapr-1
configure:12525: gcc -o conftest    -DLINUX -D_REENTRANT -D_GNU_SOURCE     conftest.c -lapr-1    -L/usr/lib/x86_64-linux-gnu -lapr-1  >&5
configure:12525: $? = 0
configure:12534: result: yes
configure:12545: checking for apr_pollset_wakeup
configure:12545: gcc -o conftest    -DLINUX -D_REENTRANT -D_GNU_SOURCE     conftest.c   -L/usr/lib/x86_64-linux-gnu -lapr-1  >&5
configure:12545: $? = 0
configure:12545: result: yes
configure:12545: checking for apr_sockaddr_ip_getbuf
configure:12545: gcc -o conftest    -DLINUX -D_REENTRANT -D_GNU_SOURCE     conftest.c   -L/usr/lib/x86_64-linux-gnu -lapr-1  >&5
configure:12545: $? = 0
configure:12545: result: yes
configure:12545: checking for apr_file_sync
configure:12545: gcc -o conftest    -DLINUX -D_REENTRANT -D_GNU_SOURCE     conftest.c   -L/usr/lib/x86_64-linux-gnu -lapr-1  >&5
configure:12545: $? = 0
configure:12545: result: yes
configure:12545: checking for apr_file_link
configure:12545: gcc -o conftest    -DLINUX -D_REENTRANT -D_GNU_SOURCE     conftest.c   -L/usr/lib/x86_64-linux-gnu -lapr-1  >&5
configure:12545: $? = 0
configure:12545: result: yes
configure:12545: checking for apr_pool_create_unmanaged_ex
configure:12545: gcc -o conftest    -DLINUX -D_REENTRANT -D_GNU_SOURCE     conftest.c   -L/usr/lib/x86_64-linux-gnu -lapr-1  >&5
configure:12545: $? = 0
configure:12545: result: yes
configure:12561: checking for dbi_initialize in -ldbi
configure:12586: gcc -o conftest    -DLINUX -D_REENTRANT -D_GNU_SOURCE     conftest.c -ldbi    -L/usr/lib/x86_64-linux-gnu -lapr-1  >&5
/usr/bin/ld: cannot find -ldbi
collect2: error: ld returned 1 exit status
configure:12586: $? = 1
configure: failed program was:
| /* confdefs.h */
| #define PACKAGE_NAME "nxlog-ce"
| #define PACKAGE_TARNAME "nxlog-ce"
| #define PACKAGE_VERSION "2.10.5"
| #define PACKAGE_STRING "nxlog-ce 2.10.5"
| #define PACKAGE_BUGREPORT "support@nxlog.org"
| #define PACKAGE_URL ""
| #define PACKAGE "nxlog-ce"
| #define VERSION "2.10.5"
| #define STDC_HEADERS 1
| #define HAVE_SYS_TYPES_H 1
| #define HAVE_SYS_STAT_H 1
| #define HAVE_STDLIB_H 1
| #define HAVE_STRING_H 1
| #define HAVE_MEMORY_H 1
| #define HAVE_STRINGS_H 1
| #define HAVE_INTTYPES_H 1
| #define HAVE_STDINT_H 1
| #define HAVE_UNISTD_H 1
| #define HAVE_DLFCN_H 1
| #define LT_OBJDIR ".libs/"
| #define HAVE_APR_POLLSET_WAKEUP 1
| #define HAVE_APR_SOCKADDR_IP_GETBUF 1
| #define HAVE_APR_FILE_SYNC 1
| #define HAVE_APR_FILE_LINK 1
| #define HAVE_APR_POOL_CREATE_UNMANAGED_EX 1
| /* end confdefs.h.  */
| 
| /* Override any GCC internal prototype to avoid an error.
|    Use char because int might match the return type of a GCC
|    builtin and then its argument prototype would still apply.  */
| #ifdef __cplusplus
| extern "C"
| #endif
| char dbi_initialize ();
| int
| main ()
| {
| return dbi_initialize ();
|   ;
|   return 0;
| }
configure:12595: result: no
configure:12600: WARNING: libdbi not found - not building dbi modules
configure:12644: checking for ANSI C header files
configure:12748: result: yes
configure:12758: checking syslog.h usability
configure:12758: gcc -c    -DLINUX -D_REENTRANT -D_GNU_SOURCE  conftest.c >&5
configure:12758: $? = 0
configure:12758: result: yes
configure:12758: checking syslog.h presence
configure:12758: gcc -E  conftest.c
configure:12758: $? = 0
configure:12758: result: yes
configure:12758: checking for syslog.h
configure:12758: result: yes
configure:12770: checking pcre.h usability
configure:12770: gcc -c    -DLINUX -D_REENTRANT -D_GNU_SOURCE  conftest.c >&5
configure:12770: $? = 0
configure:12770: result: yes
configure:12770: checking pcre.h presence
configure:12770: gcc -E  conftest.c
configure:12770: $? = 0
configure:12770: result: yes
configure:12770: checking for pcre.h
configure:12770: result: yes
configure:12782: checking whether PCRE_ERROR_BADUTF8 is declared
configure:12782: gcc -c    -DLINUX -D_REENTRANT -D_GNU_SOURCE  conftest.c >&5
configure:12782: $? = 0
configure:12782: result: yes
configure:12798: checking whether PCRE_ERROR_BADUTF8_OFFSET is declared
configure:12798: gcc -c    -DLINUX -D_REENTRANT -D_GNU_SOURCE  conftest.c >&5
configure:12798: $? = 0
configure:12798: result: yes
configure:12818: checking openssl/evp.h usability
configure:12818: gcc -c    -DLINUX -D_REENTRANT -D_GNU_SOURCE  conftest.c >&5
configure:12818: $? = 0
configure:12818: result: yes
configure:12818: checking openssl/evp.h presence
configure:12818: gcc -E  conftest.c
configure:12818: $? = 0
configure:12818: result: yes
configure:12818: checking for openssl/evp.h
configure:12818: result: yes
configure:12834: checking for EVP_CIPHER_CTX_init in -lcrypto
configure:12859: gcc -o conftest    -DLINUX -D_REENTRANT -D_GNU_SOURCE     conftest.c -lcrypto -L/usr/local/lib   -L/usr/lib/x86_64-linux-gnu -lapr-1  -lcrypto -lssl >&5
configure:12859: $? = 0
configure:12868: result: yes
configure:12881: checking for SSL_library_init in -lssl
configure:12906: gcc -o conftest    -DLINUX -D_REENTRANT -D_GNU_SOURCE     conftest.c -lssl -L/usr/local/lib -lcrypto   -L/usr/lib/x86_64-linux-gnu -lapr-1  -lcrypto -lssl >&5
configure:12906: $? = 0
configure:12915: result: yes
configure:12931: checking for EVP_md5
configure:12931: gcc -o conftest    -DLINUX -D_REENTRANT -D_GNU_SOURCE     conftest.c -lssl -lcrypto   -L/usr/lib/x86_64-linux-gnu -lapr-1  -lcrypto -lssl >&5
configure:12931: $? = 0
configure:12931: result: yes
configure:12931: checking for EVP_sha1
configure:12931: gcc -o conftest    -DLINUX -D_REENTRANT -D_GNU_SOURCE     conftest.c -lssl -lcrypto   -L/usr/lib/x86_64-linux-gnu -lapr-1  -lcrypto -lssl >&5
configure:12931: $? = 0
configure:12931: result: yes
configure:12931: checking for EVP_sha256
configure:12931: gcc -o conftest    -DLINUX -D_REENTRANT -D_GNU_SOURCE     conftest.c -lssl -lcrypto   -L/usr/lib/x86_64-linux-gnu -lapr-1  -lcrypto -lssl >&5
configure:12931: $? = 0
configure:12931: result: yes
configure:12931: checking for EVP_sha512
configure:12931: gcc -o conftest    -DLINUX -D_REENTRANT -D_GNU_SOURCE     conftest.c -lssl -lcrypto   -L/usr/lib/x86_64-linux-gnu -lapr-1  -lcrypto -lssl >&5
configure:12931: $? = 0
configure:12931: result: yes
configure:12931: checking for EVP_ripemd160
configure:12931: gcc -o conftest    -DLINUX -D_REENTRANT -D_GNU_SOURCE     conftest.c -lssl -lcrypto   -L/usr/lib/x86_64-linux-gnu -lapr-1  -lcrypto -lssl >&5
configure:12931: $? = 0
configure:12931: result: yes
configure:12944: checking for klogctl
configure:12944: gcc -o conftest    -DLINUX -D_REENTRANT -D_GNU_SOURCE     conftest.c   -L/usr/lib/x86_64-linux-gnu -lapr-1  >&5
configure:12944: $? = 0
configure:12944: result: yes
configure:12958: checking sys/klog.h usability
configure:12958: gcc -c    -DLINUX -D_REENTRANT -D_GNU_SOURCE  conftest.c >&5
configure:12958: $? = 0
configure:12958: result: yes
configure:12958: checking sys/klog.h presence
configure:12958: gcc -E  conftest.c
configure:12958: $? = 0
configure:12958: result: yes
configure:12958: checking for sys/klog.h
configure:12958: result: yes
configure:12970: checking grp.h usability
configure:12970: gcc -c    -DLINUX -D_REENTRANT -D_GNU_SOURCE  conftest.c >&5
configure:12970: $? = 0
configure:12970: result: yes
configure:12970: checking grp.h presence
configure:12970: gcc -E  conftest.c
configure:12970: $? = 0
configure:12970: result: yes
configure:12970: checking for grp.h
configure:12970: result: yes
configure:12983: checking for getgrouplist
configure:12983: gcc -o conftest    -DLINUX -D_REENTRANT -D_GNU_SOURCE     conftest.c   -L/usr/lib/x86_64-linux-gnu -lapr-1  >&5
configure:12983: $? = 0
configure:12983: result: yes
configure:12983: checking for setgroups
configure:12983: gcc -o conftest    -DLINUX -D_REENTRANT -D_GNU_SOURCE     conftest.c   -L/usr/lib/x86_64-linux-gnu -lapr-1  >&5
configure:12983: $? = 0
configure:12983: result: yes
configure:12994: checking for XML_Parse in -lexpat
configure:13019: gcc -o conftest    -DLINUX -D_REENTRANT -D_GNU_SOURCE     conftest.c -lexpat    -L/usr/lib/x86_64-linux-gnu -lapr-1  >&5
configure:13019: $? = 0
configure:13028: result: yes
configure:13039: checking for pcre.h
configure:13039: result: yes
configure:13052: checking zlib.h usability
configure:13052: gcc -c    -DLINUX -D_REENTRANT -D_GNU_SOURCE  conftest.c >&5
configure:13052: $? = 0
configure:13052: result: yes
configure:13052: checking zlib.h presence
configure:13052: gcc -E  conftest.c
configure:13052: $? = 0
configure:13052: result: yes
configure:13052: checking for zlib.h
configure:13052: result: yes
configure:13054: checking for deflate in -lz
configure:13079: gcc -o conftest    -DLINUX -D_REENTRANT -D_GNU_SOURCE     conftest.c -lz    -L/usr/lib/x86_64-linux-gnu -lapr-1  >&5
configure:13079: $? = 0
configure:13088: result: yes
configure:13119: checking sys/prctl.h usability
configure:13119: gcc -c    -DLINUX -D_REENTRANT -D_GNU_SOURCE  conftest.c >&5
configure:13119: $? = 0
configure:13119: result: yes
configure:13119: checking sys/prctl.h presence
configure:13119: gcc -E  conftest.c
configure:13119: $? = 0
configure:13119: result: yes
configure:13119: checking for sys/prctl.h
configure:13119: result: yes
configure:13132: checking for prctl
configure:13132: gcc -o conftest    -DLINUX -D_REENTRANT -D_GNU_SOURCE     conftest.c   -L/usr/lib/x86_64-linux-gnu -lapr-1  >&5
configure:13132: $? = 0
configure:13132: result: yes
configure:13132: checking for setpflags
configure:13132: gcc -o conftest    -DLINUX -D_REENTRANT -D_GNU_SOURCE     conftest.c   -L/usr/lib/x86_64-linux-gnu -lapr-1  >&5
/tmp/ccomX7bN.o: In function `main':
conftest.c:(.text+0xa): undefined reference to `setpflags'
collect2: error: ld returned 1 exit status
configure:13132: $? = 1
configure: failed program was:
| /* confdefs.h */
| #define PACKAGE_NAME "nxlog-ce"
| #define PACKAGE_TARNAME "nxlog-ce"
| #define PACKAGE_VERSION "2.10.5"
| #define PACKAGE_STRING "nxlog-ce 2.10.5"
| #define PACKAGE_BUGREPORT "support@nxlog.org"
| #define PACKAGE_URL ""
| #define PACKAGE "nxlog-ce"
| #define VERSION "2.10.5"
| #define STDC_HEADERS 1
| #define HAVE_SYS_TYPES_H 1
| #define HAVE_SYS_STAT_H 1
| #define HAVE_STDLIB_H 1
| #define HAVE_STRING_H 1
| #define HAVE_MEMORY_H 1
| #define HAVE_STRINGS_H 1
| #define HAVE_INTTYPES_H 1
| #define HAVE_STDINT_H 1
| #define HAVE_UNISTD_H 1
| #define HAVE_DLFCN_H 1
| #define LT_OBJDIR ".libs/"
| #define HAVE_APR_POLLSET_WAKEUP 1
| #define HAVE_APR_SOCKADDR_IP_GETBUF 1
| #define HAVE_APR_FILE_SYNC 1
| #define HAVE_APR_FILE_LINK 1
| #define HAVE_APR_POOL_CREATE_UNMANAGED_EX 1
| #define STDC_HEADERS 1
| #define HAVE_SYSLOG_H 1
| #define HAVE_PCRE_H 1
| #define HAVE_DECL_PCRE_ERROR_BADUTF8 1
| #define HAVE_DECL_PCRE_ERROR_BADUTF8_OFFSET 1
| #define HAVE_OPENSSL_EVP_H 1
| #define HAVE_LIBCRYPTO 1
| #define HAVE_LIBSSL 1
| #define HAVE_EVP_MD5 1
| #define HAVE_EVP_SHA1 1
| #define HAVE_EVP_SHA256 1
| #define HAVE_EVP_SHA512 1
| #define HAVE_EVP_RIPEMD160 1
| #define HAVE_KLOGCTL 1
| #define HAVE_SYS_KLOG_H 1
| #define HAVE_GRP_H 1
| #define HAVE_GETGROUPLIST 1
| #define HAVE_SETGROUPS 1
| #define HAVE_PCRE_H 1
| #define HAVE_SYS_PRCTL_H 1
| #define HAVE_PRCTL 1
| /* end confdefs.h.  */
| /* Define setpflags to an innocuous variant, in case <limits.h> declares setpflags.
|    For example, HP-UX 11i <limits.h> declares gettimeofday.  */
| #define setpflags innocuous_setpflags
| 
| /* System header to define __stub macros and hopefully few prototypes,
|     which can conflict with char setpflags (); below.
|     Prefer <limits.h> to <assert.h> if __STDC__ is defined, since
|     <limits.h> exists even on freestanding compilers.  */
| 
| #ifdef __STDC__
| # include <limits.h>
| #else
| # include <assert.h>
| #endif
| 
| #undef setpflags
| 
| /* Override any GCC internal prototype to avoid an error.
|    Use char because int might match the return type of a GCC
|    builtin and then its argument prototype would still apply.  */
| #ifdef __cplusplus
| extern "C"
| #endif
| char setpflags ();
| /* The GNU C library defines this for functions which it implements
|     to always fail with ENOSYS.  Some functions are actually named
|     something starting with __ and the normal name is an alias.  */
| #if defined __stub_setpflags || defined __stub___setpflags
| choke me
| #endif
| 
| int
| main ()
| {
| return setpflags ();
|   ;
|   return 0;
| }
configure:13132: result: no
configure:13142: checking for cap_from_name in -lcap
configure:13167: gcc -o conftest    -DLINUX -D_REENTRANT -D_GNU_SOURCE     conftest.c -lcap    -L/usr/lib/x86_64-linux-gnu -lapr-1  >&5
/usr/bin/ld: cannot find -lcap
collect2: error: ld returned 1 exit status
configure:13167: $? = 1
configure: failed program was:
| /* confdefs.h */
| #define PACKAGE_NAME "nxlog-ce"
| #define PACKAGE_TARNAME "nxlog-ce"
| #define PACKAGE_VERSION "2.10.5"
| #define PACKAGE_STRING "nxlog-ce 2.10.5"
| #define PACKAGE_BUGREPORT "support@nxlog.org"
| #define PACKAGE_URL ""
| #define PACKAGE "nxlog-ce"
| #define VERSION "2.10.5"
| #define STDC_HEADERS 1
| #define HAVE_SYS_TYPES_H 1
| #define HAVE_SYS_STAT_H 1
| #define HAVE_STDLIB_H 1
| #define HAVE_STRING_H 1
| #define HAVE_MEMORY_H 1
| #define HAVE_STRINGS_H 1
| #define HAVE_INTTYPES_H 1
| #define HAVE_STDINT_H 1
| #define HAVE_UNISTD_H 1
| #define HAVE_DLFCN_H 1
| #define LT_OBJDIR ".libs/"
| #define HAVE_APR_POLLSET_WAKEUP 1
| #define HAVE_APR_SOCKADDR_IP_GETBUF 1
| #define HAVE_APR_FILE_SYNC 1
| #define HAVE_APR_FILE_LINK 1
| #define HAVE_APR_POOL_CREATE_UNMANAGED_EX 1
| #define STDC_HEADERS 1
| #define HAVE_SYSLOG_H 1
| #define HAVE_PCRE_H 1
| #define HAVE_DECL_PCRE_ERROR_BADUTF8 1
| #define HAVE_DECL_PCRE_ERROR_BADUTF8_OFFSET 1
| #define HAVE_OPENSSL_EVP_H 1
| #define HAVE_LIBCRYPTO 1
| #define HAVE_LIBSSL 1
| #define HAVE_EVP_MD5 1
| #define HAVE_EVP_SHA1 1
| #define HAVE_EVP_SHA256 1
| #define HAVE_EVP_SHA512 1
| #define HAVE_EVP_RIPEMD160 1
| #define HAVE_KLOGCTL 1
| #define HAVE_SYS_KLOG_H 1
| #define HAVE_GRP_H 1
| #define HAVE_GETGROUPLIST 1
| #define HAVE_SETGROUPS 1
| #define HAVE_PCRE_H 1
| #define HAVE_SYS_PRCTL_H 1
| #define HAVE_PRCTL 1
| /* end confdefs.h.  */
| 
| /* Override any GCC internal prototype to avoid an error.
|    Use char because int might match the return type of a GCC
|    builtin and then its argument prototype would still apply.  */
| #ifdef __cplusplus
| extern "C"
| #endif
| char cap_from_name ();
| int
| main ()
| {
| return cap_from_name ();
|   ;
|   return 0;
| }
configure:13176: result: no
configure:13184: WARNING: no linux capability (libcap2) support found, will be disabled.
configure:13219: checking winevt.h usability
configure:13219: gcc -c    -DLINUX -D_REENTRANT -D_GNU_SOURCE  conftest.c >&5
conftest.c:82:20: fatal error: winevt.h: No such file or directory
compilation terminated.
configure:13219: $? = 1
configure: failed program was:
| /* confdefs.h */
| #define PACKAGE_NAME "nxlog-ce"
| #define PACKAGE_TARNAME "nxlog-ce"
| #define PACKAGE_VERSION "2.10.5"
| #define PACKAGE_STRING "nxlog-ce 2.10.5"
| #define PACKAGE_BUGREPORT "support@nxlog.org"
| #define PACKAGE_URL ""
| #define PACKAGE "nxlog-ce"
| #define VERSION "2.10.5"
| #define STDC_HEADERS 1
| #define HAVE_SYS_TYPES_H 1
| #define HAVE_SYS_STAT_H 1
| #define HAVE_STDLIB_H 1
| #define HAVE_STRING_H 1
| #define HAVE_MEMORY_H 1
| #define HAVE_STRINGS_H 1
| #define HAVE_INTTYPES_H 1
| #define HAVE_STDINT_H 1
| #define HAVE_UNISTD_H 1
| #define HAVE_DLFCN_H 1
| #define LT_OBJDIR ".libs/"
| #define HAVE_APR_POLLSET_WAKEUP 1
| #define HAVE_APR_SOCKADDR_IP_GETBUF 1
| #define HAVE_APR_FILE_SYNC 1
| #define HAVE_APR_FILE_LINK 1
| #define HAVE_APR_POOL_CREATE_UNMANAGED_EX 1
| #define STDC_HEADERS 1
| #define HAVE_SYSLOG_H 1
| #define HAVE_PCRE_H 1
| #define HAVE_DECL_PCRE_ERROR_BADUTF8 1
| #define HAVE_DECL_PCRE_ERROR_BADUTF8_OFFSET 1
| #define HAVE_OPENSSL_EVP_H 1
| #define HAVE_LIBCRYPTO 1
| #define HAVE_LIBSSL 1
| #define HAVE_EVP_MD5 1
| #define HAVE_EVP_SHA1 1
| #define HAVE_EVP_SHA256 1
| #define HAVE_EVP_SHA512 1
| #define HAVE_EVP_RIPEMD160 1
| #define HAVE_KLOGCTL 1
| #define HAVE_SYS_KLOG_H 1
| #define HAVE_GRP_H 1
| #define HAVE_GETGROUPLIST 1
| #define HAVE_SETGROUPS 1
| #define HAVE_PCRE_H 1
| #define HAVE_SYS_PRCTL_H 1
| #define HAVE_PRCTL 1
| /* end confdefs.h.  */
| #include <stdio.h>
| #ifdef HAVE_SYS_TYPES_H
| # include <sys/types.h>
| #endif
| #ifdef HAVE_SYS_STAT_H
| # include <sys/stat.h>
| #endif
| #ifdef STDC_HEADERS
| # include <stdlib.h>
| # include <stddef.h>
| #else
| # ifdef HAVE_STDLIB_H
| #  include <stdlib.h>
| # endif
| #endif
| #ifdef HAVE_STRING_H
| # if !defined STDC_HEADERS && defined HAVE_MEMORY_H
| #  include <memory.h>
| # endif
| # include <string.h>
| #endif
| #ifdef HAVE_STRINGS_H
| # include <strings.h>
| #endif
| #ifdef HAVE_INTTYPES_H
| # include <inttypes.h>
| #endif
| #ifdef HAVE_STDINT_H
| # include <stdint.h>
| #endif
| #ifdef HAVE_UNISTD_H
| # include <unistd.h>
| #endif
| #include <winevt.h>
configure:13219: result: no
configure:13219: checking winevt.h presence
configure:13219: gcc -E  conftest.c
conftest.c:49:20: fatal error: winevt.h: No such file or directory
compilation terminated.
configure:13219: $? = 1
configure: failed program was:
| /* confdefs.h */
| #define PACKAGE_NAME "nxlog-ce"
| #define PACKAGE_TARNAME "nxlog-ce"
| #define PACKAGE_VERSION "2.10.5"
| #define PACKAGE_STRING "nxlog-ce 2.10.5"
| #define PACKAGE_BUGREPORT "support@nxlog.org"
| #define PACKAGE_URL ""
| #define PACKAGE "nxlog-ce"
| #define VERSION "2.10.5"
| #define STDC_HEADERS 1
| #define HAVE_SYS_TYPES_H 1
| #define HAVE_SYS_STAT_H 1
| #define HAVE_STDLIB_H 1
| #define HAVE_STRING_H 1
| #define HAVE_MEMORY_H 1
| #define HAVE_STRINGS_H 1
| #define HAVE_INTTYPES_H 1
| #define HAVE_STDINT_H 1
| #define HAVE_UNISTD_H 1
| #define HAVE_DLFCN_H 1
| #define LT_OBJDIR ".libs/"
| #define HAVE_APR_POLLSET_WAKEUP 1
| #define HAVE_APR_SOCKADDR_IP_GETBUF 1
| #define HAVE_APR_FILE_SYNC 1
| #define HAVE_APR_FILE_LINK 1
| #define HAVE_APR_POOL_CREATE_UNMANAGED_EX 1
| #define STDC_HEADERS 1
| #define HAVE_SYSLOG_H 1
| #define HAVE_PCRE_H 1
| #define HAVE_DECL_PCRE_ERROR_BADUTF8 1
| #define HAVE_DECL_PCRE_ERROR_BADUTF8_OFFSET 1
| #define HAVE_OPENSSL_EVP_H 1
| #define HAVE_LIBCRYPTO 1
| #define HAVE_LIBSSL 1
| #define HAVE_EVP_MD5 1
| #define HAVE_EVP_SHA1 1
| #define HAVE_EVP_SHA256 1
| #define HAVE_EVP_SHA512 1
| #define HAVE_EVP_RIPEMD160 1
| #define HAVE_KLOGCTL 1
| #define HAVE_SYS_KLOG_H 1
| #define HAVE_GRP_H 1
| #define HAVE_GETGROUPLIST 1
| #define HAVE_SETGROUPS 1
| #define HAVE_PCRE_H 1
| #define HAVE_SYS_PRCTL_H 1
| #define HAVE_PRCTL 1
| /* end confdefs.h.  */
| #include <winevt.h>
configure:13219: result: no
configure:13219: checking for winevt.h
configure:13219: result: no
configure:13233: checking execinfo.h usability
configure:13233: gcc -c    -DLINUX -D_REENTRANT -D_GNU_SOURCE  conftest.c >&5
configure:13233: $? = 0
configure:13233: result: yes
configure:13233: checking execinfo.h presence
configure:13233: gcc -E  conftest.c
configure:13233: $? = 0
configure:13233: result: yes
configure:13233: checking for execinfo.h
configure:13233: result: yes
configure:13245: checking for backtrace_symbols
configure:13245: gcc -o conftest    -DLINUX -D_REENTRANT -D_GNU_SOURCE     conftest.c   -L/usr/lib/x86_64-linux-gnu -lapr-1  >&5
configure:13245: $? = 0
configure:13245: result: yes
configure:13258: checking for iconv_open
configure:13258: gcc -o conftest    -DLINUX -D_REENTRANT -D_GNU_SOURCE     conftest.c   -L/usr/lib/x86_64-linux-gnu -lapr-1  >&5
configure:13258: $? = 0
configure:13258: result: yes
configure:13270: checking langinfo.h usability
configure:13270: gcc -c    -DLINUX -D_REENTRANT -D_GNU_SOURCE  conftest.c >&5
configure:13270: $? = 0
configure:13270: result: yes
configure:13270: checking langinfo.h presence
configure:13270: gcc -E  conftest.c
configure:13270: $? = 0
configure:13270: result: yes
configure:13270: checking for langinfo.h
configure:13270: result: yes
configure:13285: checking for nl_langinfo
configure:13285: gcc -o conftest    -DLINUX -D_REENTRANT -D_GNU_SOURCE     conftest.c   -L/usr/lib/x86_64-linux-gnu -lapr-1  >&5
configure:13285: $? = 0
configure:13285: result: yes
configure:13396: checking for struct tm.tm_gmtoff
configure:13396: gcc -c    -DLINUX -D_REENTRANT -D_GNU_SOURCE  conftest.c >&5
configure:13396: $? = 0
configure:13396: result: yes
configure:13408: checking for struct tm.__tm_gmtoff
configure:13408: gcc -c    -DLINUX -D_REENTRANT -D_GNU_SOURCE  conftest.c >&5
conftest.c: In function 'main':
conftest.c:63:12: error: 'struct tm' has no member named '__tm_gmtoff'
 if (ac_aggr.__tm_gmtoff)
            ^
configure:13408: $? = 1
configure: failed program was:
| /* confdefs.h */
| #define PACKAGE_NAME "nxlog-ce"
| #define PACKAGE_TARNAME "nxlog-ce"
| #define PACKAGE_VERSION "2.10.5"
| #define PACKAGE_STRING "nxlog-ce 2.10.5"
| #define PACKAGE_BUGREPORT "support@nxlog.org"
| #define PACKAGE_URL ""
| #define PACKAGE "nxlog-ce"
| #define VERSION "2.10.5"
| #define STDC_HEADERS 1
| #define HAVE_SYS_TYPES_H 1
| #define HAVE_SYS_STAT_H 1
| #define HAVE_STDLIB_H 1
| #define HAVE_STRING_H 1
| #define HAVE_MEMORY_H 1
| #define HAVE_STRINGS_H 1
| #define HAVE_INTTYPES_H 1
| #define HAVE_STDINT_H 1
| #define HAVE_UNISTD_H 1
| #define HAVE_DLFCN_H 1
| #define LT_OBJDIR ".libs/"
| #define HAVE_APR_POLLSET_WAKEUP 1
| #define HAVE_APR_SOCKADDR_IP_GETBUF 1
| #define HAVE_APR_FILE_SYNC 1
| #define HAVE_APR_FILE_LINK 1
| #define HAVE_APR_POOL_CREATE_UNMANAGED_EX 1
| #define STDC_HEADERS 1
| #define HAVE_SYSLOG_H 1
| #define HAVE_PCRE_H 1
| #define HAVE_DECL_PCRE_ERROR_BADUTF8 1
| #define HAVE_DECL_PCRE_ERROR_BADUTF8_OFFSET 1
| #define HAVE_OPENSSL_EVP_H 1
| #define HAVE_LIBCRYPTO 1
| #define HAVE_LIBSSL 1
| #define HAVE_EVP_MD5 1
| #define HAVE_EVP_SHA1 1
| #define HAVE_EVP_SHA256 1
| #define HAVE_EVP_SHA512 1
| #define HAVE_EVP_RIPEMD160 1
| #define HAVE_KLOGCTL 1
| #define HAVE_SYS_KLOG_H 1
| #define HAVE_GRP_H 1
| #define HAVE_GETGROUPLIST 1
| #define HAVE_SETGROUPS 1
| #define HAVE_PCRE_H 1
| #define HAVE_SYS_PRCTL_H 1
| #define HAVE_PRCTL 1
| #define HAVE_EXECINFO_H 1
| #define HAVE_BACKTRACE_SYMBOLS 1
| #define HAVE_ICONV_OPEN 1
| #define HAVE_LANGINFO_H 1
| #define HAVE_NL_LANGINFO 1
| #define HAVE_STRUCT_TM_TM_GMTOFF 1
| /* end confdefs.h.  */
| 
| #include <sys/types.h>
| #include <time.h>
| 
| int
| main ()
| {
| static struct tm ac_aggr;
| if (ac_aggr.__tm_gmtoff)
| return 0;
|   ;
|   return 0;
| }
configure:13408: gcc -c    -DLINUX -D_REENTRANT -D_GNU_SOURCE  conftest.c >&5
conftest.c: In function 'main':
conftest.c:63:19: error: 'struct tm' has no member named '__tm_gmtoff'
 if (sizeof ac_aggr.__tm_gmtoff)
                   ^
configure:13408: $? = 1
configure: failed program was:
| /* confdefs.h */
| #define PACKAGE_NAME "nxlog-ce"
| #define PACKAGE_TARNAME "nxlog-ce"
| #define PACKAGE_VERSION "2.10.5"
| #define PACKAGE_STRING "nxlog-ce 2.10.5"
| #define PACKAGE_BUGREPORT "support@nxlog.org"
| #define PACKAGE_URL ""
| #define PACKAGE "nxlog-ce"
| #define VERSION "2.10.5"
| #define STDC_HEADERS 1
| #define HAVE_SYS_TYPES_H 1
| #define HAVE_SYS_STAT_H 1
| #define HAVE_STDLIB_H 1
| #define HAVE_STRING_H 1
| #define HAVE_MEMORY_H 1
| #define HAVE_STRINGS_H 1
| #define HAVE_INTTYPES_H 1
| #define HAVE_STDINT_H 1
| #define HAVE_UNISTD_H 1
| #define HAVE_DLFCN_H 1
| #define LT_OBJDIR ".libs/"
| #define HAVE_APR_POLLSET_WAKEUP 1
| #define HAVE_APR_SOCKADDR_IP_GETBUF 1
| #define HAVE_APR_FILE_SYNC 1
| #define HAVE_APR_FILE_LINK 1
| #define HAVE_APR_POOL_CREATE_UNMANAGED_EX 1
| #define STDC_HEADERS 1
| #define HAVE_SYSLOG_H 1
| #define HAVE_PCRE_H 1
| #define HAVE_DECL_PCRE_ERROR_BADUTF8 1
| #define HAVE_DECL_PCRE_ERROR_BADUTF8_OFFSET 1
| #define HAVE_OPENSSL_EVP_H 1
| #define HAVE_LIBCRYPTO 1
| #define HAVE_LIBSSL 1
| #define HAVE_EVP_MD5 1
| #define HAVE_EVP_SHA1 1
| #define HAVE_EVP_SHA256 1
| #define HAVE_EVP_SHA512 1
| #define HAVE_EVP_RIPEMD160 1
| #define HAVE_KLOGCTL 1
| #define HAVE_SYS_KLOG_H 1
| #define HAVE_GRP_H 1
| #define HAVE_GETGROUPLIST 1
| #define HAVE_SETGROUPS 1
| #define HAVE_PCRE_H 1
| #define HAVE_SYS_PRCTL_H 1
| #define HAVE_PRCTL 1
| #define HAVE_EXECINFO_H 1
| #define HAVE_BACKTRACE_SYMBOLS 1
| #define HAVE_ICONV_OPEN 1
| #define HAVE_LANGINFO_H 1
| #define HAVE_NL_LANGINFO 1
| #define HAVE_STRUCT_TM_TM_GMTOFF 1
| /* end confdefs.h.  */
| 
| #include <sys/types.h>
| #include <time.h>
| 
| int
| main ()
| {
| static struct tm ac_aggr;
| if (sizeof ac_aggr.__tm_gmtoff)
| return 0;
|   ;
|   return 0;
| }
configure:13408: result: no
configure:13425: checking for strptime
configure:13425: gcc -o conftest    -DLINUX -D_REENTRANT -D_GNU_SOURCE     conftest.c   -L/usr/lib/x86_64-linux-gnu -lapr-1  >&5
configure:13425: $? = 0
configure:13425: result: yes
configure:13442: checking for chown
configure:13442: gcc -o conftest    -DLINUX -D_REENTRANT -D_GNU_SOURCE     conftest.c   -L/usr/lib/x86_64-linux-gnu -lapr-1  >&5
configure:13442: $? = 0
configure:13442: result: yes
configure:13442: checking for chmod
configure:13442: gcc -o conftest    -DLINUX -D_REENTRANT -D_GNU_SOURCE     conftest.c   -L/usr/lib/x86_64-linux-gnu -lapr-1  >&5
configure:13442: $? = 0
configure:13442: result: yes
configure:13453: checking whether AF_UNIX is declared
configure:13453: gcc -c    -DLINUX -D_REENTRANT -D_GNU_SOURCE  conftest.c >&5
configure:13453: $? = 0
configure:13453: result: yes
configure:13481: checking whether xm_perl is set/enabled
configure:13523: result: yes
configure:13536: checking for perl
configure:13552: found /usr/bin/perl
configure:13563: result: perl
configure:13587: checking for perl_parse
configure:13587: gcc -o conftest    -DLINUX -D_REENTRANT -D_GNU_SOURCE  -D_REENTRANT -D_GNU_SOURCE -DDEBIAN -fwrapv -fno-strict-aliasing -pipe -I/usr/local/include -D_LARGEFILE_SOURCE -D_FILE_OFFSET_BITS=64  -I/usr/lib/x86_64-linux-gnu/perl/5.22/CORE      conftest.c   -L/usr/lib/x86_64-linux-gnu -lapr-1  -Wl,-E  -fstack-protector-strong -L/usr/local/lib  -L/usr/lib/x86_64-linux-gnu/perl/5.22/CORE -lperl -ldl -lm -lpthread -lc -lcrypt >&5
/usr/bin/ld: cannot find -lperl
collect2: error: ld returned 1 exit status
configure:13587: $? = 1
configure: failed program was:
| /* confdefs.h */
| #define PACKAGE_NAME "nxlog-ce"
| #define PACKAGE_TARNAME "nxlog-ce"
| #define PACKAGE_VERSION "2.10.5"
| #define PACKAGE_STRING "nxlog-ce 2.10.5"
| #define PACKAGE_BUGREPORT "support@nxlog.org"
| #define PACKAGE_URL ""
| #define PACKAGE "nxlog-ce"
| #define VERSION "2.10.5"
| #define STDC_HEADERS 1
| #define HAVE_SYS_TYPES_H 1
| #define HAVE_SYS_STAT_H 1
| #define HAVE_STDLIB_H 1
| #define HAVE_STRING_H 1
| #define HAVE_MEMORY_H 1
| #define HAVE_STRINGS_H 1
| #define HAVE_INTTYPES_H 1
| #define HAVE_STDINT_H 1
| #define HAVE_UNISTD_H 1
| #define HAVE_DLFCN_H 1
| #define LT_OBJDIR ".libs/"
| #define HAVE_APR_POLLSET_WAKEUP 1
| #define HAVE_APR_SOCKADDR_IP_GETBUF 1
| #define HAVE_APR_FILE_SYNC 1
| #define HAVE_APR_FILE_LINK 1
| #define HAVE_APR_POOL_CREATE_UNMANAGED_EX 1
| #define STDC_HEADERS 1
| #define HAVE_SYSLOG_H 1
| #define HAVE_PCRE_H 1
| #define HAVE_DECL_PCRE_ERROR_BADUTF8 1
| #define HAVE_DECL_PCRE_ERROR_BADUTF8_OFFSET 1
| #define HAVE_OPENSSL_EVP_H 1
| #define HAVE_LIBCRYPTO 1
| #define HAVE_LIBSSL 1
| #define HAVE_EVP_MD5 1
| #define HAVE_EVP_SHA1 1
| #define HAVE_EVP_SHA256 1
| #define HAVE_EVP_SHA512 1
| #define HAVE_EVP_RIPEMD160 1
| #define HAVE_KLOGCTL 1
| #define HAVE_SYS_KLOG_H 1
| #define HAVE_GRP_H 1
| #define HAVE_GETGROUPLIST 1
| #define HAVE_SETGROUPS 1
| #define HAVE_PCRE_H 1
| #define HAVE_SYS_PRCTL_H 1
| #define HAVE_PRCTL 1
| #define HAVE_EXECINFO_H 1
| #define HAVE_BACKTRACE_SYMBOLS 1
| #define HAVE_ICONV_OPEN 1
| #define HAVE_LANGINFO_H 1
| #define HAVE_NL_LANGINFO 1
| #define HAVE_STRUCT_TM_TM_GMTOFF 1
| #define HAVE_STRPTIME 1
| #define HAVE_CHOWN 1
| #define HAVE_CHMOD 1
| #define HAVE_DECL_AF_UNIX 1
| /* end confdefs.h.  */
| /* Define perl_parse to an innocuous variant, in case <limits.h> declares perl_parse.
|    For example, HP-UX 11i <limits.h> declares gettimeofday.  */
| #define perl_parse innocuous_perl_parse
| 
| /* System header to define __stub macros and hopefully few prototypes,
|     which can conflict with char perl_parse (); below.
|     Prefer <limits.h> to <assert.h> if __STDC__ is defined, since
|     <limits.h> exists even on freestanding compilers.  */
| 
| #ifdef __STDC__
| # include <limits.h>
| #else
| # include <assert.h>
| #endif
| 
| #undef perl_parse
| 
| /* Override any GCC internal prototype to avoid an error.
|    Use char because int might match the return type of a GCC
|    builtin and then its argument prototype would still apply.  */
| #ifdef __cplusplus
| extern "C"
| #endif
| char perl_parse ();
| /* The GNU C library defines this for functions which it implements
|     to always fail with ENOSYS.  Some functions are actually named
|     something starting with __ and the normal name is an alias.  */
| #if defined __stub_perl_parse || defined __stub___perl_parse
| choke me
| #endif
| 
| int
| main ()
| {
| return perl_parse ();
|   ;
|   return 0;
| }
configure:13587: result: no
configure:13594: WARNING: perl cannot be embedded, not building xm_perl
configure:13662: checking whether documentation is set/enabled
configure:13704: result: no
configure:13737: checking utmp.h usability
configure:13737: gcc -c    -DLINUX -D_REENTRANT -D_GNU_SOURCE  conftest.c >&5
configure:13737: $? = 0
configure:13737: result: yes
configure:13737: checking utmp.h presence
configure:13737: gcc -E  conftest.c
configure:13737: $? = 0
configure:13737: result: yes
configure:13737: checking for utmp.h
configure:13737: result: yes
configure:13765: checking whether gcc accepts -Werror
configure:13782: gcc -c -Werror  conftest.c >&5
configure:13782: $? = 0
configure:13790: result: yes
configure:13793: checking whether gcc accepts -pipe
configure:13819: gcc -c    -DLINUX -D_REENTRANT -D_GNU_SOURCE -pipe  conftest.c >&5
configure:13819: $? = 0
configure:13827: result: -pipe
configure:13832: checking whether gcc accepts -W
configure:13858: gcc -c    -DLINUX -D_REENTRANT -D_GNU_SOURCE -pipe -W  conftest.c >&5
configure:13858: $? = 0
configure:13866: result: -W
configure:13871: checking whether gcc accepts -Wall
configure:13897: gcc -c    -DLINUX -D_REENTRANT -D_GNU_SOURCE -pipe -W -Wall  conftest.c >&5
configure:13897: $? = 0
configure:13905: result: -Wall
configure:13910: checking whether gcc accepts -Wshadow
configure:13936: gcc -c    -DLINUX -D_REENTRANT -D_GNU_SOURCE -pipe -W -Wall -Wshadow  conftest.c >&5
configure:13936: $? = 0
configure:13944: result: -Wshadow
configure:13949: checking whether gcc accepts -Wno-address
configure:13975: gcc -c    -DLINUX -D_REENTRANT -D_GNU_SOURCE -pipe -W -Wall -Wshadow -Wno-address  conftest.c >&5
configure:13975: $? = 0
configure:13983: result: -Wno-address
configure:13989: checking whether gcc accepts -Wcast-qual
configure:14015: gcc -c    -DLINUX -D_REENTRANT -D_GNU_SOURCE -pipe -W -Wall -Wshadow -Wno-address -Wcast-qual  conftest.c >&5
configure:14015: $? = 0
configure:14023: result: -Wcast-qual
configure:14028: checking whether gcc accepts -Wbad-function-cast
configure:14054: gcc -c    -DLINUX -D_REENTRANT -D_GNU_SOURCE -pipe -W -Wall -Wshadow -Wno-address -Wcast-qual -Wbad-function-cast  conftest.c >&5
configure:14054: $? = 0
configure:14062: result: -Wbad-function-cast
configure:14067: checking whether gcc accepts -Wsign-compare
configure:14093: gcc -c    -DLINUX -D_REENTRANT -D_GNU_SOURCE -pipe -W -Wall -Wshadow -Wno-address -Wcast-qual -Wbad-function-cast -Wsign-compare  conftest.c >&5
configure:14093: $? = 0
configure:14101: result: -Wsign-compare
configure:14106: checking whether gcc accepts -Wconversion
configure:14132: gcc -c    -DLINUX -D_REENTRANT -D_GNU_SOURCE -pipe -W -Wall -Wshadow -Wno-address -Wcast-qual -Wbad-function-cast -Wsign-compare -Wconversion  conftest.c >&5
configure:14132: $? = 0
configure:14140: result: -Wconversion
configure:14145: checking whether gcc accepts -funsigned-char
configure:14171: gcc -c    -DLINUX -D_REENTRANT -D_GNU_SOURCE -pipe -W -Wall -Wshadow -Wno-address -Wcast-qual -Wbad-function-cast -Wsign-compare -Wconversion -funsigned-char  conftest.c >&5
configure:14171: $? = 0
configure:14179: result: -funsigned-char
configure:14184: checking whether gcc accepts -Werror-implicit-function-declaration
configure:14210: gcc -c    -DLINUX -D_REENTRANT -D_GNU_SOURCE -pipe -W -Wall -Wshadow -Wno-address -Wcast-qual -Wbad-function-cast -Wsign-compare -Wconversion -funsigned-char -Werror-implicit-function-declaration  conftest.c >&5
configure:14210: $? = 0
configure:14218: result: -Werror-implicit-function-declaration
configure:14223: checking whether gcc accepts -Wswitch-default
configure:14249: gcc -c    -DLINUX -D_REENTRANT -D_GNU_SOURCE -pipe -W -Wall -Wshadow -Wno-address -Wcast-qual -Wbad-function-cast -Wsign-compare -Wconversion -funsigned-char -Werror-implicit-function-declaration -Wswitch-default  conftest.c >&5
configure:14249: $? = 0
configure:14257: result: -Wswitch-default
configure:14262: checking whether gcc accepts -fstrict-aliasing
configure:14288: gcc -c    -DLINUX -D_REENTRANT -D_GNU_SOURCE -pipe -W -Wall -Wshadow -Wno-address -Wcast-qual -Wbad-function-cast -Wsign-compare -Wconversion -funsigned-char -Werror-implicit-function-declaration -Wswitch-default -fstrict-aliasing  conftest.c >&5
configure:14288: $? = 0
configure:14296: result: -fstrict-aliasing
configure:14301: checking whether gcc accepts -Wpointer-arith
configure:14327: gcc -c    -DLINUX -D_REENTRANT -D_GNU_SOURCE -pipe -W -Wall -Wshadow -Wno-address -Wcast-qual -Wbad-function-cast -Wsign-compare -Wconversion -funsigned-char -Werror-implicit-function-declaration -Wswitch-default -fstrict-aliasing -Wpointer-arith  conftest.c >&5
configure:14327: $? = 0
configure:14335: result: -Wpointer-arith
configure:14340: checking whether gcc accepts -Wcast-align
configure:14366: gcc -c    -DLINUX -D_REENTRANT -D_GNU_SOURCE -pipe -W -Wall -Wshadow -Wno-address -Wcast-qual -Wbad-function-cast -Wsign-compare -Wconversion -funsigned-char -Werror-implicit-function-declaration -Wswitch-default -fstrict-aliasing -Wpointer-arith -Wcast-align  conftest.c >&5
configure:14366: $? = 0
configure:14374: result: -Wcast-align
configure:14379: checking whether gcc accepts -Wwrite-strings
configure:14405: gcc -c    -DLINUX -D_REENTRANT -D_GNU_SOURCE -pipe -W -Wall -Wshadow -Wno-address -Wcast-qual -Wbad-function-cast -Wsign-compare -Wconversion -funsigned-char -Werror-implicit-function-declaration -Wswitch-default -fstrict-aliasing -Wpointer-arith -Wcast-align -Wwrite-strings  conftest.c >&5
configure:14405: $? = 0
configure:14413: result: -Wwrite-strings
configure:14418: checking whether gcc accepts -Wmissing-noreturn
configure:14444: gcc -c    -DLINUX -D_REENTRANT -D_GNU_SOURCE -pipe -W -Wall -Wshadow -Wno-address -Wcast-qual -Wbad-function-cast -Wsign-compare -Wconversion -funsigned-char -Werror-implicit-function-declaration -Wswitch-default -fstrict-aliasing -Wpointer-arith -Wcast-align -Wwrite-strings -Wmissing-noreturn  conftest.c >&5
configure:14444: $? = 0
configure:14452: result: -Wmissing-noreturn
configure:14457: checking whether gcc accepts -Wmissing-format-attribute
configure:14483: gcc -c    -DLINUX -D_REENTRANT -D_GNU_SOURCE -pipe -W -Wall -Wshadow -Wno-address -Wcast-qual -Wbad-function-cast -Wsign-compare -Wconversion -funsigned-char -Werror-implicit-function-declaration -Wswitch-default -fstrict-aliasing -Wpointer-arith -Wcast-align -Wwrite-strings -Wmissing-noreturn -Wmissing-format-attribute  conftest.c >&5
configure:14483: $? = 0
configure:14491: result: -Wmissing-format-attribute
configure:14496: checking whether gcc accepts -Wformat
configure:14522: gcc -c    -DLINUX -D_REENTRANT -D_GNU_SOURCE -pipe -W -Wall -Wshadow -Wno-address -Wcast-qual -Wbad-function-cast -Wsign-compare -Wconversion -funsigned-char -Werror-implicit-function-declaration -Wswitch-default -fstrict-aliasing -Wpointer-arith -Wcast-align -Wwrite-strings -Wmissing-noreturn -Wmissing-format-attribute -Wformat  conftest.c >&5
configure:14522: $? = 0
configure:14530: result: -Wformat
configure:14535: checking whether gcc accepts -Wextra
configure:14561: gcc -c    -DLINUX -D_REENTRANT -D_GNU_SOURCE -pipe -W -Wall -Wshadow -Wno-address -Wcast-qual -Wbad-function-cast -Wsign-compare -Wconversion -funsigned-char -Werror-implicit-function-declaration -Wswitch-default -fstrict-aliasing -Wpointer-arith -Wcast-align -Wwrite-strings -Wmissing-noreturn -Wmissing-format-attribute -Wformat -Wextra  conftest.c >&5
configure:14561: $? = 0
configure:14569: result: -Wextra
configure:14574: checking whether gcc accepts -Werror=format-security
configure:14600: gcc -c    -DLINUX -D_REENTRANT -D_GNU_SOURCE -pipe -W -Wall -Wshadow -Wno-address -Wcast-qual -Wbad-function-cast -Wsign-compare -Wconversion -funsigned-char -Werror-implicit-function-declaration -Wswitch-default -fstrict-aliasing -Wpointer-arith -Wcast-align -Wwrite-strings -Wmissing-noreturn -Wmissing-format-attribute -Wformat -Wextra -Werror=format-security  conftest.c >&5
configure:14600: $? = 0
configure:14608: result: -Werror=format-security
configure:14621: checking whether gcc accepts -rdynamic
configure:14647: gcc -c    -DLINUX -D_REENTRANT -D_GNU_SOURCE -pipe -W -Wall -Wshadow -Wno-address -Wcast-qual -Wbad-function-cast -Wsign-compare -Wconversion -funsigned-char -Werror-implicit-function-declaration -Wswitch-default -fstrict-aliasing -Wpointer-arith -Wcast-align -Wwrite-strings -Wmissing-noreturn -Wmissing-format-attribute -Wformat -Wextra -Werror=format-security -rdynamic  conftest.c >&5
configure:14647: $? = 0
configure:14655: result: -rdynamic
configure:14674: checking for special C compiler options needed for large files
configure:14719: result: no
configure:14725: checking for _FILE_OFFSET_BITS value needed for large files
configure:14750: gcc -c    -DLINUX -D_REENTRANT -D_GNU_SOURCE -pipe -W -Wall -Wshadow -Wno-address -Wcast-qual -Wbad-function-cast -Wsign-compare -Wconversion -funsigned-char -Werror-implicit-function-declaration -Wswitch-default -fstrict-aliasing -Wpointer-arith -Wcast-align -Wwrite-strings -Wmissing-noreturn -Wmissing-format-attribute -Wformat -Wextra -Werror=format-security -rdynamic  conftest.c >&5
configure:14750: $? = 0
configure:14782: result: no
configure:14871: checking whether gcc accepts -ggdb3 -g3
configure:14897: gcc -c    -DLINUX -D_REENTRANT -D_GNU_SOURCE -pipe -W -Wall -Wshadow -Wno-address -Wcast-qual -Wbad-function-cast -Wsign-compare -Wconversion -funsigned-char -Werror-implicit-function-declaration -Wswitch-default -fstrict-aliasing -Wpointer-arith -Wcast-align -Wwrite-strings -Wmissing-noreturn -Wmissing-format-attribute -Wformat -Wextra -Werror=format-security -rdynamic -ggdb3  conftest.c >&5
configure:14897: $? = 0
configure:14905: result: -ggdb3
configure:15108: checking that generated files are newer than configure
configure:15114: result: done
configure:15173: creating ./config.status

## ---------------------- ##
## Running config.status. ##
## ---------------------- ##

This file was extended by nxlog-ce config.status 2.10.5, which was
generated by GNU Autoconf 2.69.  Invocation command line was

  CONFIG_FILES    = 
  CONFIG_HEADERS  = 
  CONFIG_LINKS    = 
  CONFIG_COMMANDS = 
  $ ./config.status 

on 1239957437d2

config.status:1237: creating Makefile
config.status:1237: creating doc/Makefile
config.status:1237: creating doc/reference-manual/Makefile
config.status:1237: creating doc/reference-manual/config-examples/Makefile
config.status:1237: creating doc/reference-manual/en/Makefile
config.status:1237: creating doc/reference-manual/hu/Makefile
config.status:1237: creating test/Makefile
config.status:1237: creating test/common/Makefile
config.status:1237: creating test/coresrc/Makefile
config.status:1237: creating src/Makefile
config.status:1237: creating src/common/Makefile
config.status:1237: creating src/core/Makefile
config.status:1237: creating src/modules/Makefile
config.status:1237: creating src/modules/input/Makefile
config.status:1237: creating src/modules/input/file/Makefile
config.status:1237: creating src/modules/input/uds/Makefile
config.status:1237: creating src/modules/input/kernel/Makefile
config.status:1237: creating src/modules/input/udp/Makefile
config.status:1237: creating src/modules/input/tcp/Makefile
config.status:1237: creating src/modules/input/ssl/Makefile
config.status:1237: creating src/modules/input/testgen/Makefile
config.status:1237: creating src/modules/input/null/Makefile
config.status:1237: creating src/modules/input/mark/Makefile
config.status:1237: creating src/modules/input/internal/Makefile
config.status:1237: creating src/modules/input/dbi/Makefile
config.status:1237: creating src/modules/input/exec/Makefile
config.status:1237: creating src/modules/processor/Makefile
config.status:1237: creating src/modules/processor/null/Makefile
config.status:1237: creating src/modules/processor/filter/Makefile
config.status:1237: creating src/modules/processor/transformer/Makefile
config.status:1237: creating src/modules/processor/norepeat/Makefile
config.status:1237: creating src/modules/processor/buffer/Makefile
config.status:1237: creating src/modules/processor/blocker/Makefile
config.status:1237: creating src/modules/processor/pattern/Makefile
config.status:1237: creating src/modules/processor/evcorr/Makefile
config.status:1237: creating src/modules/output/Makefile
config.status:1237: creating src/modules/output/file/Makefile
config.status:1237: creating src/modules/output/udp/Makefile
config.status:1237: creating src/modules/output/tcp/Makefile
config.status:1237: creating src/modules/output/ssl/Makefile
config.status:1237: creating src/modules/output/null/Makefile
config.status:1237: creating src/modules/output/dbi/Makefile
config.status:1237: creating src/modules/output/blocker/Makefile
config.status:1237: creating src/modules/output/uds/Makefile
config.status:1237: creating src/modules/output/exec/Makefile
config.status:1237: creating src/modules/output/http/Makefile
config.status:1237: creating src/modules/extension/Makefile
config.status:1237: creating src/modules/extension/syslog/Makefile
config.status:1237: creating src/modules/extension/exec/Makefile
config.status:1237: creating src/modules/extension/csv/Makefile
config.status:1237: creating src/modules/extension/kvp/Makefile
config.status:1237: creating src/modules/extension/charconv/Makefile
config.status:1237: creating src/modules/extension/json/Makefile
config.status:1237: creating src/modules/extension/json/yajl/Makefile
config.status:1237: creating src/modules/extension/xml/Makefile
config.status:1237: creating src/modules/extension/gelf/Makefile
config.status:1237: creating src/modules/extension/fileop/Makefile
config.status:1237: creating src/modules/extension/multiline/Makefile
config.status:1237: creating src/modules/extension/perl/Makefile
config.status:1237: creating src/modules/extension/wtmp/Makefile
config.status:1237: creating src/utils/Makefile
config.status:1237: creating src/common/config.h
config.status:1418: src/common/config.h is unchanged
config.status:1466: executing depfiles commands
config.status:1466: executing libtool commands

## ---------------- ##
## Cache variables. ##
## ---------------- ##

ac_cv_build=x86_64-unknown-linux-gnu
ac_cv_c_compiler_gnu=yes
ac_cv_c_flag_fstrict_aliasing=-fstrict-aliasing
ac_cv_c_flag_funsigned_char=-funsigned-char
ac_cv_c_flag_g=-ggdb3
ac_cv_c_flag_pipe=-pipe
ac_cv_c_flag_rdynamic=-rdynamic
ac_cv_c_flag_w=-W
ac_cv_c_flag_wall=-Wall
ac_cv_c_flag_wbad_function_cast=-Wbad-function-cast
ac_cv_c_flag_wcast_align=-Wcast-align
ac_cv_c_flag_wcast_qual=-Wcast-qual
ac_cv_c_flag_wconversion=-Wconversion
ac_cv_c_flag_werror_format_security=-Werror=format-security
ac_cv_c_flag_werror_implicit_function_declaration=-Werror-implicit-function-declaration
ac_cv_c_flag_wextra=-Wextra
ac_cv_c_flag_wformat=-Wformat
ac_cv_c_flag_wmissing_format_attribute=-Wmissing-format-attribute
ac_cv_c_flag_wmissing_noreturn=-Wmissing-noreturn
ac_cv_c_flag_wno_address=-Wno-address
ac_cv_c_flag_wpointer_arith=-Wpointer-arith
ac_cv_c_flag_wshadow=-Wshadow
ac_cv_c_flag_wsign_compare=-Wsign-compare
ac_cv_c_flag_wswitch_default=-Wswitch-default
ac_cv_c_flag_wwrite_strings=-Wwrite-strings
ac_cv_c_option_werror=yes
ac_cv_enable_documentation=no
ac_cv_enable_xm_perl=yes
ac_cv_env_APRCONFIG_set=
ac_cv_env_APRCONFIG_value=
ac_cv_env_CC_set=
ac_cv_env_CC_value=
ac_cv_env_CFLAGS_set=
ac_cv_env_CFLAGS_value=
ac_cv_env_CPPFLAGS_set=
ac_cv_env_CPPFLAGS_value=
ac_cv_env_CPP_set=
ac_cv_env_CPP_value=
ac_cv_env_LDFLAGS_set=
ac_cv_env_LDFLAGS_value=
ac_cv_env_LIBS_set=
ac_cv_env_LIBS_value=
ac_cv_env_PCRECONFIG_set=
ac_cv_env_PCRECONFIG_value=
ac_cv_env_YACC_set=
ac_cv_env_YACC_value=
ac_cv_env_YFLAGS_set=
ac_cv_env_YFLAGS_value=
ac_cv_env_build_alias_set=
ac_cv_env_build_alias_value=
ac_cv_env_host_alias_set=
ac_cv_env_host_alias_value=
ac_cv_env_target_alias_set=
ac_cv_env_target_alias_value=
ac_cv_func_EVP_md5=yes
ac_cv_func_EVP_ripemd160=yes
ac_cv_func_EVP_sha1=yes
ac_cv_func_EVP_sha256=yes
ac_cv_func_EVP_sha512=yes
ac_cv_func_apr_file_link=yes
ac_cv_func_apr_file_sync=yes
ac_cv_func_apr_pollset_wakeup=yes
ac_cv_func_apr_pool_create_unmanaged_ex=yes
ac_cv_func_apr_sockaddr_ip_getbuf=yes
ac_cv_func_backtrace_symbols=yes
ac_cv_func_chmod=yes
ac_cv_func_chown=yes
ac_cv_func_getgrouplist=yes
ac_cv_func_iconv_open=yes
ac_cv_func_klogctl=yes
ac_cv_func_nl_langinfo=yes
ac_cv_func_perl_parse=no
ac_cv_func_prctl=yes
ac_cv_func_setgroups=yes
ac_cv_func_setpflags=no
ac_cv_func_strptime=yes
ac_cv_have_decl_AF_UNIX=yes
ac_cv_have_decl_PCRE_ERROR_BADUTF8=yes
ac_cv_have_decl_PCRE_ERROR_BADUTF8_OFFSET=yes
ac_cv_header_dlfcn_h=yes
ac_cv_header_execinfo_h=yes
ac_cv_header_grp_h=yes
ac_cv_header_inttypes_h=yes
ac_cv_header_langinfo_h=yes
ac_cv_header_memory_h=yes
ac_cv_header_openssl_evp_h=yes
ac_cv_header_pcre_h=yes
ac_cv_header_stdc=yes
ac_cv_header_stdint_h=yes
ac_cv_header_stdlib_h=yes
ac_cv_header_string_h=yes
ac_cv_header_strings_h=yes
ac_cv_header_sys_klog_h=yes
ac_cv_header_sys_prctl_h=yes
ac_cv_header_sys_stat_h=yes
ac_cv_header_sys_types_h=yes
ac_cv_header_syslog_h=yes
ac_cv_header_unistd_h=yes
ac_cv_header_utmp_h=yes
ac_cv_header_winevt_h=no
ac_cv_header_zlib_h=yes
ac_cv_host=x86_64-unknown-linux-gnu
ac_cv_lib_apr_1_apr_socket_create=yes
ac_cv_lib_cap_cap_from_name=no
ac_cv_lib_crypto_EVP_CIPHER_CTX_init=yes
ac_cv_lib_dbi_dbi_initialize=no
ac_cv_lib_expat_XML_Parse=yes
ac_cv_lib_ssl_SSL_library_init=yes
ac_cv_lib_z_deflate=yes
ac_cv_member_struct_tm___tm_gmtoff=no
ac_cv_member_struct_tm_tm_gmtoff=yes
ac_cv_objext=o
ac_cv_path_EGREP='/bin/grep -E'
ac_cv_path_FGREP='/bin/grep -F'
ac_cv_path_GREP=/bin/grep
ac_cv_path_SED=/bin/sed
ac_cv_path_apr_config=/usr/bin/apr-1-config
ac_cv_path_install='/usr/bin/install -c'
ac_cv_path_mkdir=/bin/mkdir
ac_cv_path_pcre_config=/usr/bin/pcre-config
ac_cv_prog_AWK=mawk
ac_cv_prog_CPP='gcc -E'
ac_cv_prog_OPENSSL=openssl
ac_cv_prog_PERL=perl
ac_cv_prog_ac_ct_AR=ar
ac_cv_prog_ac_ct_CC=gcc
ac_cv_prog_ac_ct_DLLTOOL=dlltool
ac_cv_prog_ac_ct_OBJDUMP=objdump
ac_cv_prog_ac_ct_RANLIB=ranlib
ac_cv_prog_ac_ct_STRIP=strip
ac_cv_prog_cc_c89=
ac_cv_prog_cc_g=yes
ac_cv_prog_make_make_set=yes
ac_cv_sys_file_offset_bits=no
ac_cv_sys_largefile_CC=no
ac_cv_target=x86_64-unknown-linux-gnu
am_cv_CC_dependencies_compiler_type=gcc3
am_cv_make_support_nested_variables=yes
am_cv_prog_cc_c_o=yes
am_cv_prog_tar_ustar=gnutar
lt_cv_ar_at_file=@
lt_cv_archive_cmds_need_lc=no
lt_cv_deplibs_check_method=pass_all
lt_cv_file_magic_cmd='$MAGIC_CMD'
lt_cv_file_magic_test_file=
lt_cv_ld_reload_flag=-r
lt_cv_nm_interface='BSD nm'
lt_cv_objdir=.libs
lt_cv_path_LD=/usr/bin/ld
lt_cv_path_NM='/usr/bin/nm -B'
lt_cv_path_mainfest_tool=no
lt_cv_prog_compiler_c_o=yes
lt_cv_prog_compiler_pic='-fPIC -DPIC'
lt_cv_prog_compiler_pic_works=yes
lt_cv_prog_compiler_rtti_exceptions=no
lt_cv_prog_compiler_static_works=yes
lt_cv_prog_gnu_ld=yes
lt_cv_sharedlib_from_linklib_cmd='printf %s\n'
lt_cv_shlibpath_overrides_runpath=no
lt_cv_sys_global_symbol_pipe='sed -n -e '\''s/^.*[	 ]\([ABCDGIRSTW][ABCDGIRSTW]*\)[	 ][	 ]*\([_A-Za-z][_A-Za-z0-9]*\)$/\1 \2 \2/p'\'' | sed '\''/ __gnu_lto/d'\'''
lt_cv_sys_global_symbol_to_c_name_address='sed -n -e '\''s/^: \([^ ]*\)[ ]*$/  {\"\1\", (void *) 0},/p'\'' -e '\''s/^[ABCDGIRSTW]* \([^ ]*\) \([^ ]*\)$/  {"\2", (void *) \&\2},/p'\'''
lt_cv_sys_global_symbol_to_c_name_address_lib_prefix='sed -n -e '\''s/^: \([^ ]*\)[ ]*$/  {\"\1\", (void *) 0},/p'\'' -e '\''s/^[ABCDGIRSTW]* \([^ ]*\) \(lib[^ ]*\)$/  {"\2", (void *) \&\2},/p'\'' -e '\''s/^[ABCDGIRSTW]* \([^ ]*\) \([^ ]*\)$/  {"lib\2", (void *) \&\2},/p'\'''
lt_cv_sys_global_symbol_to_cdecl='sed -n -e '\''s/^T .* \(.*\)$/extern int \1();/p'\'' -e '\''s/^[ABCDGIRSTW]* .* \(.*\)$/extern char \1;/p'\'''
lt_cv_sys_max_cmd_len=1572864
lt_cv_to_host_file_cmd=func_convert_file_noop
lt_cv_to_tool_file_cmd=func_convert_file_noop

## ----------------- ##
## Output variables. ##
## ----------------- ##

ACLOCAL='${SHELL} /codes/nxlog/missing aclocal-1.14'
AMDEPBACKSLASH='\'
AMDEP_FALSE='#'
AMDEP_TRUE=''
AMTAR='$${TAR-tar}'
AM_BACKSLASH='\'
AM_DEFAULT_V='$(AM_DEFAULT_VERBOSITY)'
AM_DEFAULT_VERBOSITY='1'
AM_V='$(V)'
APRCONFIG=''
APR_CFLAGS='  -DLINUX -D_REENTRANT -D_GNU_SOURCE'
APR_LIBS=' -L/usr/lib/x86_64-linux-gnu -lapr-1 '
AR='ar'
AS='as'
AUTOCONF='${SHELL} /codes/nxlog/missing autoconf'
AUTOHEADER='${SHELL} /codes/nxlog/missing autoheader'
AUTOMAKE='${SHELL} /codes/nxlog/missing automake-1.14'
AWK='mawk'
BUILD_DOCUMENTATION_FALSE=''
BUILD_DOCUMENTATION_TRUE='#'
BUILD_XM_WTMP_FALSE='#'
BUILD_XM_WTMP_TRUE=''
CC='gcc'
CCDEPMODE='depmode=gcc3'
CFLAGS='   -DLINUX -D_REENTRANT -D_GNU_SOURCE -pipe -W -Wall -Wshadow -Wno-address -Wcast-qual -Wbad-function-cast -Wsign-compare -Wconversion -funsigned-char -Werror-implicit-function-declaration -Wswitch-default -fstrict-aliasing -Wpointer-arith -Wcast-align -Wwrite-strings -Wmissing-noreturn -Wmissing-format-attribute -Wformat -Wextra -Werror=format-security -rdynamic -ggdb3'
CLEANFILES='*~'
CPP='gcc -E'
CPPFLAGS=''
CYGPATH_W='echo'
DEFS='-DHAVE_CONFIG_H'
DEPDIR='.deps'
DLLTOOL='dlltool'
DSYMUTIL=''
DUMPBIN=''
ECHO_C=''
ECHO_N='-n'
ECHO_T=''
EGREP='/bin/grep -E'
EXEEXT=''
FGREP='/bin/grep -F'
GREP='/bin/grep'
HAVE_AF_UNIX_FALSE='#'
HAVE_AF_UNIX_TRUE=''
HAVE_ANDROID_FALSE=''
HAVE_ANDROID_TRUE='#'
HAVE_ICONV_FALSE='#'
HAVE_ICONV_TRUE=''
HAVE_LIBDBI_FALSE=''
HAVE_LIBDBI_TRUE='#'
HAVE_PERL_FALSE=''
HAVE_PERL_TRUE='#'
HAVE_ZLIB_FALSE='#'
HAVE_ZLIB_TRUE=''
INCLUDES='  -I/usr/include/apr-1.0 '
INSTALL_DATA='${INSTALL} -m 644'
INSTALL_PROGRAM='${INSTALL}'
INSTALL_SCRIPT='${INSTALL}'
INSTALL_STRIP_PROGRAM='$(install_sh) -c -s'
LD='/usr/bin/ld -m elf_x86_64'
LDFLAGS='  '
LEX=':'
LEXLIB=''
LEX_OUTPUT_ROOT=''
LIBCAP=''
LIBDBI=''
LIBEXPAT='-lexpat'
LIBICONV=''
LIBNX=''
LIBOBJS=''
LIBS='  -L/usr/lib/x86_64-linux-gnu -lapr-1 '
LIBSSL='-lcrypto -lssl'
LIBTOOL='$(SHELL) $(top_builddir)/libtool'
LIBZLIB='-lz'
LIPO=''
LN_S='ln -s'
LTLIBOBJS=''
MAINTAINERCLEANFILES='Makefile.in'
MAKEINFO='${SHELL} /codes/nxlog/missing makeinfo'
MANIFEST_TOOL=':'
MKDIR_P='/bin/mkdir -p'
NM='/usr/bin/nm -B'
NMEDIT=''
NX_CACHEDIR='${prefix}/var/spool/nxlog'
NX_CONFIGFILE='${prefix}/etc/nxlog/nxlog.conf'
NX_MODULEDIR='${exec_prefix}/libexec/nxlog/modules'
NX_PIDFILE='${prefix}/var/run/nxlog/nxlog.pid'
OBJDUMP='objdump'
OBJEXT='o'
OPENSSL='openssl'
OTOOL64=''
OTOOL=''
PACKAGE='nxlog-ce'
PACKAGE_BUGREPORT='support@nxlog.org'
PACKAGE_NAME='nxlog-ce'
PACKAGE_STRING='nxlog-ce 2.10.5'
PACKAGE_TARNAME='nxlog-ce'
PACKAGE_URL=''
PACKAGE_VERSION='2.10.5'
PATH_SEPARATOR=':'
PCRECONFIG=''
PCRE_CFLAGS=''
PCRE_LIBS='-lpcre'
PERL='perl'
PERL_CFLAGS=' -D_REENTRANT -D_GNU_SOURCE -DDEBIAN -fwrapv -fno-strict-aliasing -pipe -I/usr/local/include -D_LARGEFILE_SOURCE -D_FILE_OFFSET_BITS=64  -I/usr/lib/x86_64-linux-gnu/perl/5.22/CORE '
PERL_LIBS='-Wl,-E  -fstack-protector-strong -L/usr/local/lib  -L/usr/lib/x86_64-linux-gnu/perl/5.22/CORE -lperl -ldl -lm -lpthread -lc -lcrypt'
RANLIB='ranlib'
SED='/bin/sed'
SET_MAKE=''
SHELL='/bin/bash'
STRIP='strip'
VERSION='2.10.5'
WIN32=''
WIN32_FALSE=''
WIN32_TRUE='#'
YACC='yacc'
YFLAGS=''
ac_ct_AR='ar'
ac_ct_CC='gcc'
ac_ct_DUMPBIN=''
am__EXEEXT_FALSE=''
am__EXEEXT_TRUE='#'
am__fastdepCC_FALSE='#'
am__fastdepCC_TRUE=''
am__include='include'
am__isrc=''
am__leading_dot='.'
am__nodep='_no'
am__quote=''
am__tar='tar --format=ustar -chf - "$$tardir"'
am__untar='tar -xf -'
apr_config='/usr/bin/apr-1-config'
bindir='${exec_prefix}/bin'
build='x86_64-unknown-linux-gnu'
build_alias=''
build_cpu='x86_64'
build_os='linux-gnu'
build_vendor='unknown'
datadir='${datarootdir}'
datarootdir='${prefix}/share'
docdir='${datarootdir}/doc/${PACKAGE_TARNAME}'
dvidir='${docdir}'
exec_prefix='${prefix}'
host='x86_64-unknown-linux-gnu'
host_alias=''
host_cpu='x86_64'
host_os='linux-gnu'
host_vendor='unknown'
htmldir='${docdir}'
includedir='${prefix}/include'
infodir='${datarootdir}/info'
install_sh='${SHELL} /codes/nxlog/install-sh'
libdir='${exec_prefix}/lib'
libexecdir='${exec_prefix}/libexec'
localedir='${datarootdir}/locale'
localstatedir='${prefix}/var'
mandir='${datarootdir}/man'
mkdir_p='$(MKDIR_P)'
oldincludedir='/usr/include'
pcre_config='/usr/bin/pcre-config'
pdfdir='${docdir}'
prefix='/usr/local'
program_transform_name='s,x,x,'
psdir='${docdir}'
sbindir='${exec_prefix}/sbin'
sharedstatedir='${prefix}/com'
sysconfdir='${prefix}/etc'
target='x86_64-unknown-linux-gnu'
target_alias=''
target_cpu='x86_64'
target_os='linux-gnu'
target_vendor='unknown'

## ----------- ##
## confdefs.h. ##
## ----------- ##

/* confdefs.h */
#define PACKAGE_NAME "nxlog-ce"
#define PACKAGE_TARNAME "nxlog-ce"
#define PACKAGE_VERSION "2.10.5"
#define PACKAGE_STRING "nxlog-ce 2.10.5"
#define PACKAGE_BUGREPORT "support@nxlog.org"
#define PACKAGE_URL ""
#define PACKAGE "nxlog-ce"
#define VERSION "2.10.5"
#define STDC_HEADERS 1
#define HAVE_SYS_TYPES_H 1
#define HAVE_SYS_STAT_H 1
#define HAVE_STDLIB_H 1
#define HAVE_STRING_H 1
#define HAVE_MEMORY_H 1
#define HAVE_STRINGS_H 1
#define HAVE_INTTYPES_H 1
#define HAVE_STDINT_H 1
#define HAVE_UNISTD_H 1
#define HAVE_DLFCN_H 1
#define LT_OBJDIR ".libs/"
#define HAVE_APR_POLLSET_WAKEUP 1
#define HAVE_APR_SOCKADDR_IP_GETBUF 1
#define HAVE_APR_FILE_SYNC 1
#define HAVE_APR_FILE_LINK 1
#define HAVE_APR_POOL_CREATE_UNMANAGED_EX 1
#define STDC_HEADERS 1
#define HAVE_SYSLOG_H 1
#define HAVE_PCRE_H 1
#define HAVE_DECL_PCRE_ERROR_BADUTF8 1
#define HAVE_DECL_PCRE_ERROR_BADUTF8_OFFSET 1
#define HAVE_OPENSSL_EVP_H 1
#define HAVE_LIBCRYPTO 1
#define HAVE_LIBSSL 1
#define HAVE_EVP_MD5 1
#define HAVE_EVP_SHA1 1
#define HAVE_EVP_SHA256 1
#define HAVE_EVP_SHA512 1
#define HAVE_EVP_RIPEMD160 1
#define HAVE_KLOGCTL 1
#define HAVE_SYS_KLOG_H 1
#define HAVE_GRP_H 1
#define HAVE_GETGROUPLIST 1
#define HAVE_SETGROUPS 1
#define HAVE_PCRE_H 1
#define HAVE_SYS_PRCTL_H 1
#define HAVE_PRCTL 1
#define HAVE_EXECINFO_H 1
#define HAVE_BACKTRACE_SYMBOLS 1
#define HAVE_ICONV_OPEN 1
#define HAVE_LANGINFO_H 1
#define HAVE_NL_LANGINFO 1
#define HAVE_STRUCT_TM_TM_GMTOFF 1
#define HAVE_STRPTIME 1
#define HAVE_CHOWN 1
#define HAVE_CHMOD 1
#define HAVE_DECL_AF_UNIX 1
#define HAVE_UTMP_H 1
#define VERSION_STRING "2.10.5"

configure: exit 0
